<?xml version="1.0" encoding="UTF-8"?>
<!-- Generated by org.testng.reporters.JUnitXMLReporter -->
<testsuite ignored="0" hostname="DESKTOP-QHF030L" failures="0" tests="2" name="Default test" time="16.662" errors="0" timestamp="2025-12-24T18:58:36 PST">
  <testcase classname="abdulinstitute.tests.ErrorValidationsTest" name="LoginErrorValidation" time="1.182"/>
  <testcase classname="abdulinstitute.tests.ErrorValidationsTest" name="ProductErrorValidation" time="3.302"/>
</testsuite> <!-- Default test -->
