<?xml version="1.0" encoding="UTF-8"?>
<!-- Generated by org.testng.reporters.JUnitXMLReporter -->
<testsuite ignored="0" hostname="DESKTOP-QHF030L" failures="0" tests="2" name="Error Validations Test" time="17.012" errors="0" timestamp="2025-12-25T13:59:13 PST">
  <testcase classname="abdulinstitute.tests.ErrorValidationsTest" name="LoginErrorValidation" time="0.971"/>
  <testcase classname="abdulinstitute.tests.ErrorValidationsTest" name="ProductErrorValidation" time="3.611"/>
</testsuite> <!-- Error Validations Test -->
