<?xml version="1.0" encoding="UTF-8"?>
<!-- Generated by org.testng.reporters.JUnitXMLReporter -->
<testsuite ignored="0" hostname="DESKTOP-QHF030L" failures="1" tests="1" name="Fill Out New Account Info Form Test" time="13.598" errors="0" timestamp="2026-01-02T16:13:47 PST">
  <testcase classname="abdulinstitute.tests.FillOutNewAccountInfoFormTest" name="submitOrder" time="7.243">
    <failure type="java.lang.IllegalArgumentException" message="Keys to send should be a not null CharSequence">
      <![CDATA[java.lang.IllegalArgumentException: Keys to send should be a not null CharSequence
at org.openqa.selenium.remote.RemoteWebElement.sendKeys(RemoteWebElement.java:96)
at abdulinstitute.pageobjects.SignupPage.enterSignupDetails(SignupPage.java:25)
at abdulinstitute.tests.FillOutNewAccountInfoFormTest.submitOrder(FillOutNewAccountInfoFormTest.java:29)
at java.base/java.util.ArrayList.forEach(ArrayList.java:1596)
at java.base/java.util.concurrent.FutureTask.run(FutureTask.java:317)
at java.base/java.util.concurrent.ThreadPoolExecutor.runWorker(ThreadPoolExecutor.java:1144)
at java.base/java.util.concurrent.ThreadPoolExecutor$Worker.run(ThreadPoolExecutor.java:642)
at java.base/java.lang.Thread.run(Thread.java:1583)
... Removed 15 stack frames]]>
    </failure>
  </testcase> <!-- submitOrder -->
</testsuite> <!-- Fill Out New Account Info Form Test -->
