<?xml version="1.0" encoding="UTF-8"?>
<testng-results ignored="0" total="4" passed="4" failed="0" skipped="0">
  <reporter-output>
  </reporter-output>
  <suite started-at="2025-12-25T13:58:55 PST" name="Suite" finished-at="2025-12-25T13:59:19 PST" duration-ms="23605">
    <groups>
      <group name="ErrorHandling">
        <method signature="ErrorValidationsTest.LoginErrorValidation()[pri:0, instance:abdulinstitute.tests.ErrorValidationsTest@4bbf6d0e]" name="LoginErrorValidation" class="abdulinstitute.tests.ErrorValidationsTest"/>
      </group> <!-- ErrorHandling -->
      <group name="Purchase">
        <method signature="SubmitOrderTest.submitOrder(java.util.HashMap)[pri:0, instance:abdulinstitute.tests.SubmitOrderTest@24105dc5]" name="submitOrder" class="abdulinstitute.tests.SubmitOrderTest"/>
      </group> <!-- Purchase -->
    </groups>
    <test started-at="2025-12-25T13:58:55 PST" name="Error Validations Test" finished-at="2025-12-25T13:59:12 PST" duration-ms="17012">
      <class name="abdulinstitute.tests.ErrorValidationsTest">
        <test-method is-config="true" signature="launchApplication()[pri:0, instance:abdulinstitute.tests.ErrorValidationsTest@4bbf6d0e]" started-at="2025-12-25T13:58:55 PST" name="launchApplication" finished-at="2025-12-25T13:59:02 PST" duration-ms="7086" status="PASS">
          <reporter-output>
          </reporter-output>
        </test-method> <!-- launchApplication -->
        <test-method signature="LoginErrorValidation()[pri:0, instance:abdulinstitute.tests.ErrorValidationsTest@4bbf6d0e]" started-at="2025-12-25T13:59:02 PST" name="LoginErrorValidation" finished-at="2025-12-25T13:59:03 PST" duration-ms="971" status="PASS">
          <reporter-output>
          </reporter-output>
        </test-method> <!-- LoginErrorValidation -->
        <test-method is-config="true" signature="tearDown()[pri:0, instance:abdulinstitute.tests.ErrorValidationsTest@4bbf6d0e]" started-at="2025-12-25T13:59:03 PST" name="tearDown" finished-at="2025-12-25T13:59:04 PST" duration-ms="277" status="PASS">
          <reporter-output>
          </reporter-output>
        </test-method> <!-- tearDown -->
        <test-method is-config="true" signature="launchApplication()[pri:0, instance:abdulinstitute.tests.ErrorValidationsTest@4bbf6d0e]" started-at="2025-12-25T13:59:04 PST" name="launchApplication" finished-at="2025-12-25T13:59:08 PST" duration-ms="4727" status="PASS">
          <reporter-output>
          </reporter-output>
        </test-method> <!-- launchApplication -->
        <test-method signature="ProductErrorValidation()[pri:0, instance:abdulinstitute.tests.ErrorValidationsTest@4bbf6d0e]" started-at="2025-12-25T13:59:08 PST" name="ProductErrorValidation" finished-at="2025-12-25T13:59:12 PST" duration-ms="3611" status="PASS">
          <reporter-output>
          </reporter-output>
        </test-method> <!-- ProductErrorValidation -->
        <test-method is-config="true" signature="tearDown()[pri:0, instance:abdulinstitute.tests.ErrorValidationsTest@4bbf6d0e]" started-at="2025-12-25T13:59:12 PST" name="tearDown" finished-at="2025-12-25T13:59:12 PST" duration-ms="238" status="PASS">
          <reporter-output>
          </reporter-output>
        </test-method> <!-- tearDown -->
      </class> <!-- abdulinstitute.tests.ErrorValidationsTest -->
    </test> <!-- Error Validations Test -->
    <test started-at="2025-12-25T13:58:55 PST" name="Submit Order Test" finished-at="2025-12-25T13:59:19 PST" duration-ms="23605">
      <class name="abdulinstitute.tests.SubmitOrderTest">
        <test-method is-config="true" signature="launchApplication()[pri:0, instance:abdulinstitute.tests.SubmitOrderTest@24105dc5]" started-at="2025-12-25T13:58:56 PST" name="launchApplication" finished-at="2025-12-25T13:59:02 PST" duration-ms="6659" status="PASS">
          <reporter-output>
          </reporter-output>
        </test-method> <!-- launchApplication -->
        <test-method signature="submitOrder(java.util.HashMap)[pri:0, instance:abdulinstitute.tests.SubmitOrderTest@24105dc5]" started-at="2025-12-25T13:59:02 PST" name="submitOrder" data-provider="getData" finished-at="2025-12-25T13:59:07 PST" duration-ms="5210" status="PASS">
          <params>
            <param index="0">
              <value>
                <![CDATA[{password=Deen2024, product=ZARA COAT 3, email=abdul.salih@outlook.com}]]>
              </value>
            </param>
          </params>
          <reporter-output>
          </reporter-output>
        </test-method> <!-- submitOrder -->
        <test-method is-config="true" signature="tearDown()[pri:0, instance:abdulinstitute.tests.SubmitOrderTest@24105dc5]" started-at="2025-12-25T13:59:07 PST" name="tearDown" finished-at="2025-12-25T13:59:08 PST" duration-ms="237" status="PASS">
          <reporter-output>
          </reporter-output>
        </test-method> <!-- tearDown -->
        <test-method is-config="true" signature="launchApplication()[pri:0, instance:abdulinstitute.tests.SubmitOrderTest@24105dc5]" started-at="2025-12-25T13:59:08 PST" name="launchApplication" finished-at="2025-12-25T13:59:13 PST" duration-ms="5399" status="PASS">
          <reporter-output>
          </reporter-output>
        </test-method> <!-- launchApplication -->
        <test-method signature="submitOrder(java.util.HashMap)[pri:0, instance:abdulinstitute.tests.SubmitOrderTest@24105dc5]" started-at="2025-12-25T13:59:13 PST" name="submitOrder" data-provider="getData" finished-at="2025-12-25T13:59:19 PST" duration-ms="5493" status="PASS">
          <params>
            <param index="0">
              <value>
                <![CDATA[{password=Maito2016, product=ADIDAS ORIGINAL, email=abdusuley01@gmail.com}]]>
              </value>
            </param>
          </params>
          <reporter-output>
          </reporter-output>
        </test-method> <!-- submitOrder -->
        <test-method is-config="true" signature="tearDown()[pri:0, instance:abdulinstitute.tests.SubmitOrderTest@24105dc5]" started-at="2025-12-25T13:59:19 PST" name="tearDown" finished-at="2025-12-25T13:59:19 PST" duration-ms="223" status="PASS">
          <reporter-output>
          </reporter-output>
        </test-method> <!-- tearDown -->
      </class> <!-- abdulinstitute.tests.SubmitOrderTest -->
    </test> <!-- Submit Order Test -->
  </suite> <!-- Suite -->
</testng-results>
