<?xml version="1.0" encoding="UTF-8"?>
<!-- Generated by org.testng.reporters.JUnitReportReporter -->
<testsuite hostname="DESKTOP-QHF030L" failures="0" tests="2" name="abdulinstitute.tests.ErrorValidationsTest" time="16.910" errors="0" timestamp="2025-12-25T13:59:19 PST" skipped="0">
  <testcase classname="abdulinstitute.tests.ErrorValidationsTest" name="LoginErrorValidation" time="5.975"/>
  <testcase classname="abdulinstitute.tests.ErrorValidationsTest" name="ProductErrorValidation" time="10.935"/>
</testsuite> <!-- abdulinstitute.tests.ErrorValidationsTest -->
