<?xml version="1.0" encoding="UTF-8"?>
<!-- Generated by org.testng.reporters.JUnitReportReporter -->
<testsuite hostname="DESKTOP-QHF030L" failures="0" tests="2" name="abdulinstitute.tests.SubmitOrderTest" time="23.221" errors="0" timestamp="2025-12-25T13:59:19 PST" skipped="0">
  <testcase classname="abdulinstitute.tests.SubmitOrderTest" name="submitOrder" time="10.846"/>
  <testcase classname="abdulinstitute.tests.SubmitOrderTest" name="submitOrder" time="12.375"/>
</testsuite> <!-- abdulinstitute.tests.SubmitOrderTest -->
