<?xml version="1.0" encoding="UTF-8"?>
<!-- Generated by org.testng.reporters.JUnitReportReporter -->
<testsuite hostname="DESKTOP-QHF030L" failures="0" tests="2" name="abdulinstitute.tests.ErrorValidationsTest" time="17.836" errors="0" timestamp="2025-12-24T19:52:45 PST" skipped="0">
  <testcase classname="abdulinstitute.tests.ErrorValidationsTest" name="ProductErrorValidation" time="11.569"/>
  <testcase classname="abdulinstitute.tests.ErrorValidationsTest" name="LoginErrorValidation" time="6.267"/>
</testsuite> <!-- abdulinstitute.tests.ErrorValidationsTest -->
