<?xml version="1.0" encoding="UTF-8"?>
<!-- Generated by org.testng.reporters.JUnitReportReporter -->
<testsuite hostname="DESKTOP-QHF030L" failures="0" tests="2" name="abdulinstitute.tests.SubmitOrderTest" time="22.915" errors="0" timestamp="2026-01-02T16:20:29 PST" skipped="0">
  <testcase classname="abdulinstitute.tests.SubmitOrderTest" name="submitOrder" time="14.722"/>
  <testcase classname="abdulinstitute.tests.SubmitOrderTest" name="submitOrder" time="8.193"/>
</testsuite> <!-- abdulinstitute.tests.SubmitOrderTest -->
