<?xml version="1.0" encoding="UTF-8"?>
<!-- Generated by org.testng.reporters.JUnitReportReporter -->
<testsuite hostname="DESKTOP-QHF030L" failures="0" tests="2" name="abdulinstitute.tests.SubmitOrderTest" time="26.128" errors="0" timestamp="2025-12-24T19:52:45 PST" skipped="0">
  <testcase classname="abdulinstitute.tests.SubmitOrderTest" name="submitOrder" time="13.638"/>
  <testcase classname="abdulinstitute.tests.SubmitOrderTest" name="submitOrder" time="12.490"/>
</testsuite> <!-- abdulinstitute.tests.SubmitOrderTest -->
