<?xml version="1.0" encoding="UTF-8"?>
<!-- Generated by org.testng.reporters.JUnitReportReporter -->
<testsuite hostname="DESKTOP-QHF030L" failures="0" tests="2" name="abdulinstitute.tests.LoginPageTest" time="9.746" errors="0" timestamp="2026-01-01T00:20:24 PST" skipped="0">
  <testcase classname="abdulinstitute.tests.LoginPageTest" name="loginTest" time="5.715"/>
  <testcase classname="abdulinstitute.tests.LoginPageTest" name="loginTest" time="4.031"/>
</testsuite> <!-- abdulinstitute.tests.LoginPageTest -->
